<?xml version="1.0" encoding="UTF-8"?>
<!-- Generated by org.testng.reporters.JUnitReportReporter -->
<testsuite skipped="0" hostname="DESKTOP-H63L4E2" name="com.testng.Timeout_Concept" tests="2" failures="0" timestamp="2022-06-03T22:16:21 PDT" time="5.061" errors="0">
  <testcase name="login" time="5.049" classname="com.testng.Timeout_Concept"/>
  <system-out/>
  <testcase name="logout" time="0.012" classname="com.testng.Timeout_Concept"/>
  <system-out/>
</testsuite> <!-- com.testng.Timeout_Concept -->
