<?xml version="1.0" encoding="UTF-8"?>
<!-- Generated by org.testng.reporters.JUnitReportReporter -->
<testsuite skipped="1" hostname="DESKTOP-H63L4E2" name="com.testng.Ignore_Concept" tests="3" failures="0" timestamp="2022-06-02T23:23:15 PDT" time="0.027" errors="0">
  <testcase name="paneer" time="0.003" classname="com.testng.Ignore_Concept"/>
  <system-out/>
  <testcase name="fish" time="0.024" classname="com.testng.Ignore_Concept"/>
  <system-out/>
  <testcase name="mushroom" classname="com.testng.Ignore_Concept">
    <skipped/>
  </testcase> <!-- mushroom -->
  <system-out/>
</testsuite> <!-- com.testng.Ignore_Concept -->
