<?xml version="1.0" encoding="UTF-8"?>
<!-- Generated by org.testng.reporters.JUnitReportReporter -->
<testsuite skipped="0" hostname="DESKTOP-H63L4E2" name="com.testng.Task_Parameterized" tests="1" failures="0" timestamp="2022-06-03T22:50:07 PDT" time="0.016" errors="0">
  <testcase name="task" time="0.016" classname="com.testng.Task_Parameterized"/>
  <system-out/>
</testsuite> <!-- com.testng.Task_Parameterized -->
