<?xml version="1.0" encoding="UTF-8"?>
<!-- Generated by org.testng.reporters.JUnitReportReporter -->
<testsuite skipped="0" hostname="DESKTOP-H63L4E2" name="com.testng.Dependency_Concept" tests="2" failures="0" timestamp="2022-06-03T00:01:01 PDT" time="0.025" errors="0">
  <testcase name="twelth" time="0.009" classname="com.testng.Dependency_Concept"/>
  <system-out/>
  <testcase name="tenth" time="0.016" classname="com.testng.Dependency_Concept"/>
  <system-out/>
</testsuite> <!-- com.testng.Dependency_Concept -->
