<?xml version="1.0" encoding="UTF-8"?>
<!-- Generated by org.testng.reporters.JUnitReportReporter -->
<testsuite skipped="0" hostname="DESKTOP-H63L4E2" name="com.testng.Soft_Assert_Concept" tests="1" failures="0" timestamp="2022-06-06T08:43:26 PDT" time="0.045" errors="0">
  <testcase name="demo" time="0.045" classname="com.testng.Soft_Assert_Concept"/>
  <system-out/>
</testsuite> <!-- com.testng.Soft_Assert_Concept -->
