<?xml version="1.0" encoding="UTF-8"?>
<!-- Generated by org.testng.reporters.JUnitReportReporter -->
<testsuite skipped="0" hostname="DESKTOP-H63L4E2" name="com.testng.Simple_Annotations" tests="4" failures="0" timestamp="2022-06-01T22:56:41 PDT" time="0.048" errors="0">
  <testcase name="men" time="0.016" classname="com.testng.Simple_Annotations"/>
  <system-out/>
  <testcase name="kids" time="0.016" classname="com.testng.Simple_Annotations"/>
  <system-out/>
  <testcase name="women" time="0.016" classname="com.testng.Simple_Annotations"/>
  <system-out/>
  <testcase name="women" time="0.000" classname="com.testng.Simple_Annotations"/>
  <system-out/>
</testsuite> <!-- com.testng.Simple_Annotations -->
