<?xml version="1.0" encoding="UTF-8"?>
<!-- Generated by org.testng.reporters.JUnitReportReporter -->
<testsuite skipped="0" hostname="DESKTOP-H63L4E2" name="com.testng.Hard_Assert_Concept" tests="7" failures="0" timestamp="2022-06-06T08:32:04 PDT" time="0.046" errors="0">
  <testcase name="demo1" time="0.000" classname="com.testng.Hard_Assert_Concept"/>
  <system-out/>
  <testcase name="demo4" time="0.000" classname="com.testng.Hard_Assert_Concept"/>
  <system-out/>
  <testcase name="demo" time="0.031" classname="com.testng.Hard_Assert_Concept"/>
  <system-out/>
  <testcase name="demo6" time="0.000" classname="com.testng.Hard_Assert_Concept"/>
  <system-out/>
  <testcase name="demo2" time="0.015" classname="com.testng.Hard_Assert_Concept"/>
  <system-out/>
  <testcase name="demo3" time="0.000" classname="com.testng.Hard_Assert_Concept"/>
  <system-out/>
  <testcase name="demo5" time="0.000" classname="com.testng.Hard_Assert_Concept"/>
  <system-out/>
</testsuite> <!-- com.testng.Hard_Assert_Concept -->
