<?xml version="1.0" encoding="UTF-8"?>
<!-- Generated by org.testng.reporters.JUnitReportReporter -->
<testsuite skipped="0" hostname="DESKTOP-H63L4E2" name="com.testng.Expected_Exceptions_Concept" tests="1" failures="0" timestamp="2022-06-03T22:24:38 PDT" time="0.032" errors="0">
  <testcase name="demo" time="0.032" classname="com.testng.Expected_Exceptions_Concept"/>
  <system-out/>
</testsuite> <!-- com.testng.Expected_Exceptions_Concept -->
