<?xml version="1.0" encoding="UTF-8"?>
<!-- Generated by org.testng.reporters.JUnitReportReporter -->
<testsuite skipped="0" hostname="DESKTOP-H63L4E2" name="com.testng.Dataprovider_Concept" tests="3" failures="0" timestamp="2022-06-06T07:42:58 PDT" time="0.026" errors="0">
  <testcase name="credentials" time="0.017" classname="com.testng.Dataprovider_Concept"/>
  <system-out/>
  <testcase name="credentials" time="0.004" classname="com.testng.Dataprovider_Concept"/>
  <system-out/>
  <testcase name="credentials" time="0.005" classname="com.testng.Dataprovider_Concept"/>
  <system-out/>
</testsuite> <!-- com.testng.Dataprovider_Concept -->
