<?xml version="1.0" encoding="UTF-8"?>
<!-- Generated by org.testng.reporters.JUnitReportReporter -->
<testsuite skipped="0" hostname="DESKTOP-H63L4E2" name="com.testng.Grouping_Concept" tests="2" failures="0" timestamp="2022-06-02T23:53:53 PDT" time="0.031" errors="0">
  <testcase name="scooter" time="0.000" classname="com.testng.Grouping_Concept"/>
  <system-out/>
  <testcase name="cycle" time="0.031" classname="com.testng.Grouping_Concept"/>
  <system-out/>
</testsuite> <!-- com.testng.Grouping_Concept -->
