<?xml version="1.0" encoding="UTF-8"?>
<!-- Generated by org.testng.reporters.JUnitReportReporter -->
<testsuite skipped="0" hostname="DESKTOP-H63L4E2" name="com.testng.Task_IgnoreCheck" tests="1" failures="0" timestamp="2022-06-06T07:30:01 PDT" time="0.020" errors="0">
  <testcase name="bat" time="0.020" classname="com.testng.Task_IgnoreCheck"/>
  <system-out/>
</testsuite> <!-- com.testng.Task_IgnoreCheck -->
