<?xml version="1.0" encoding="UTF-8"?>
<!-- Generated by org.testng.reporters.JUnitReportReporter -->
<testsuite skipped="0" hostname="DESKTOP-H63L4E2" name="com.testng.Parallel_Test_Concept" tests="2" failures="0" timestamp="2022-06-06T09:17:55 PDT" time="27.755" errors="0">
  <testcase name="instagram" time="13.095" classname="com.testng.Parallel_Test_Concept"/>
  <system-out/>
  <testcase name="facebook" time="14.660" classname="com.testng.Parallel_Test_Concept"/>
  <system-out/>
</testsuite> <!-- com.testng.Parallel_Test_Concept -->
