<?xml version="1.0" encoding="UTF-8"?>
<!-- Generated by org.testng.reporters.JUnitReportReporter -->
<testsuite skipped="0" hostname="DESKTOP-H63L4E2" name="com.testng.Parameterized_Concept" tests="1" failures="0" timestamp="2022-06-03T22:50:07 PDT" time="0.015" errors="0">
  <testcase name="credentials" time="0.015" classname="com.testng.Parameterized_Concept"/>
  <system-out/>
</testsuite> <!-- com.testng.Parameterized_Concept -->
